<?xml version="1.0" encoding="UTF-8"?>
<testsuite xmlns:xsi="http://www.w3.org/2001/XMLSchema-instance" xsi:noNamespaceSchemaLocation="https://maven.apache.org/surefire/maven-surefire-plugin/xsd/surefire-test-report.xsd" name="airhacks.service.ping.boundary.PingResourceIT" time="0.553" tests="1" errors="0" skipped="0" failures="0">
  <properties>
    <property name="sun.desktop" value="windows"/>
    <property name="awt.toolkit" value="sun.awt.windows.WToolkit"/>
    <property name="java.specification.version" value="11"/>
    <property name="sun.cpu.isalist" value="amd64"/>
    <property name="sun.jnu.encoding" value="Cp1252"/>
    <property name="java.class.path" value="C:\Users\Paolo\Desktop\Esercizi-CIAC\HTML\pwBankSystem\pwBankSystem-st\target\test-classes;C:\Users\Paolo\Desktop\Esercizi-CIAC\HTML\pwBankSystem\pwBankSystem-st\target\classes;C:\Users\Paolo\.m2\repository\org\apache\cxf\cxf-rt-rs-mp-client\3.3.6\cxf-rt-rs-mp-client-3.3.6.jar;C:\Users\Paolo\.m2\repository\org\apache\cxf\cxf-rt-transports-http\3.3.6\cxf-rt-transports-http-3.3.6.jar;C:\Users\Paolo\.m2\repository\org\apache\cxf\cxf-rt-rs-client\3.3.6\cxf-rt-rs-client-3.3.6.jar;C:\Users\Paolo\.m2\repository\org\apache\cxf\cxf-core\3.3.6\cxf-core-3.3.6.jar;C:\Users\Paolo\.m2\repository\org\glassfish\jaxb\jaxb-runtime\2.3.2\jaxb-runtime-2.3.2.jar;C:\Users\Paolo\.m2\repository\org\glassfish\jaxb\txw2\2.3.2\txw2-2.3.2.jar;C:\Users\Paolo\.m2\repository\com\sun\istack\istack-commons-runtime\3.0.8\istack-commons-runtime-3.0.8.jar;C:\Users\Paolo\.m2\repository\com\sun\xml\fastinfoset\FastInfoset\1.2.16\FastInfoset-1.2.16.jar;C:\Users\Paolo\.m2\repository\jakarta\activation\jakarta.activation-api\1.2.1\jakarta.activation-api-1.2.1.jar;C:\Users\Paolo\.m2\repository\com\fasterxml\woodstox\woodstox-core\5.0.3\woodstox-core-5.0.3.jar;C:\Users\Paolo\.m2\repository\org\codehaus\woodstox\stax2-api\3.1.4\stax2-api-3.1.4.jar;C:\Users\Paolo\.m2\repository\org\apache\ws\xmlschema\xmlschema-core\2.2.5\xmlschema-core-2.2.5.jar;C:\Users\Paolo\.m2\repository\jakarta\xml\bind\jakarta.xml.bind-api\2.3.2\jakarta.xml.bind-api-2.3.2.jar;C:\Users\Paolo\.m2\repository\org\apache\cxf\cxf-rt-frontend-jaxrs\3.3.6\cxf-rt-frontend-jaxrs-3.3.6.jar;C:\Users\Paolo\.m2\repository\jakarta\ws\rs\jakarta.ws.rs-api\2.1.5\jakarta.ws.rs-api-2.1.5.jar;C:\Users\Paolo\.m2\repository\org\apache\cxf\cxf-rt-security\3.3.6\cxf-rt-security-3.3.6.jar;C:\Users\Paolo\.m2\repository\org\eclipse\microprofile\rest\client\microprofile-rest-client-api\1.4.1\microprofile-rest-client-api-1.4.1.jar;C:\Users\Paolo\.m2\repository\javax\inject\javax.inject\1\javax.inject-1.jar;C:\Users\Paolo\.m2\repository\org\apache\cxf\cxf-rt-rs-extension-providers\3.3.6\cxf-rt-rs-extension-providers-3.3.6.jar;C:\Users\Paolo\.m2\repository\javax\json\javax.json-api\1.1.4\javax.json-api-1.1.4.jar;C:\Users\Paolo\.m2\repository\javax\annotation\javax.annotation-api\1.3.2\javax.annotation-api-1.3.2.jar;C:\Users\Paolo\.m2\repository\javax\xml\ws\jaxws-api\2.3.1\jaxws-api-2.3.1.jar;C:\Users\Paolo\.m2\repository\javax\xml\soap\javax.xml.soap-api\1.4.0\javax.xml.soap-api-1.4.0.jar;C:\Users\Paolo\.m2\repository\com\sun\activation\javax.activation\1.2.0\javax.activation-1.2.0.jar;C:\Users\Paolo\.m2\repository\org\apache\geronimo\specs\geronimo-ws-metadata_2.0_spec\1.1.3\geronimo-ws-metadata_2.0_spec-1.1.3.jar;C:\Users\Paolo\.m2\repository\com\sun\xml\messaging\saaj\saaj-impl\1.4.0-b03\saaj-impl-1.4.0-b03.jar;C:\Users\Paolo\.m2\repository\org\jvnet\mimepull\mimepull\1.9.7\mimepull-1.9.7.jar;C:\Users\Paolo\.m2\repository\org\jvnet\staxex\stax-ex\1.7.8\stax-ex-1.7.8.jar;C:\Users\Paolo\.m2\repository\javax\activation\activation\1.1\activation-1.1.jar;C:\Users\Paolo\.m2\repository\org\jacorb\jacorb-omgapi\3.9\jacorb-omgapi-3.9.jar;C:\Users\Paolo\.m2\repository\org\apache\geronimo\specs\geronimo-jta_1.1_spec\1.1.1\geronimo-jta_1.1_spec-1.1.1.jar;C:\Users\Paolo\.m2\repository\org\jboss\spec\javax\rmi\jboss-rmi-api_1.0_spec\1.0.6.Final\jboss-rmi-api_1.0_spec-1.0.6.Final.jar;C:\Users\Paolo\.m2\repository\org\junit\jupiter\junit-jupiter\5.6.2\junit-jupiter-5.6.2.jar;C:\Users\Paolo\.m2\repository\org\junit\jupiter\junit-jupiter-api\5.6.2\junit-jupiter-api-5.6.2.jar;C:\Users\Paolo\.m2\repository\org\apiguardian\apiguardian-api\1.1.0\apiguardian-api-1.1.0.jar;C:\Users\Paolo\.m2\repository\org\opentest4j\opentest4j\1.2.0\opentest4j-1.2.0.jar;C:\Users\Paolo\.m2\repository\org\junit\platform\junit-platform-commons\1.6.2\junit-platform-commons-1.6.2.jar;C:\Users\Paolo\.m2\repository\org\junit\jupiter\junit-jupiter-params\5.6.2\junit-jupiter-params-5.6.2.jar;C:\Users\Paolo\.m2\repository\org\junit\jupiter\junit-jupiter-engine\5.6.2\junit-jupiter-engine-5.6.2.jar;C:\Users\Paolo\.m2\repository\org\junit\platform\junit-platform-engine\1.6.2\junit-platform-engine-1.6.2.jar;"/>
    <property name="java.vm.vendor" value="AdoptOpenJDK"/>
    <property name="sun.arch.data.model" value="64"/>
    <property name="user.variant" value=""/>
    <property name="java.vendor.url" value="https://adoptopenjdk.net/"/>
    <property name="user.timezone" value="Europe/Berlin"/>
    <property name="java.vm.specification.version" value="11"/>
    <property name="os.name" value="Windows 10"/>
    <property name="user.country" value="IT"/>
    <property name="sun.java.launcher" value="SUN_STANDARD"/>
    <property name="sun.boot.library.path" value="E:\Programmi\AdoptOpenJDK\jdk-11.0.9.11-hotspot\bin"/>
    <property name="sun.java.command" value="C:\Users\Paolo\AppData\Local\Temp\surefire14007141772981140123\surefirebooter15037937265789293507.jar C:\Users\Paolo\AppData\Local\Temp\surefire14007141772981140123 2021-03-17T09-19-45_663-jvmRun1 surefire5133009806661296763tmp surefire_013404886957981857007tmp"/>
    <property name="jdk.debug" value="release"/>
    <property name="test" value="airhacks.service.ping.boundary.PingResourceIT#ping"/>
    <property name="surefire.test.class.path" value="C:\Users\Paolo\Desktop\Esercizi-CIAC\HTML\pwBankSystem\pwBankSystem-st\target\test-classes;C:\Users\Paolo\Desktop\Esercizi-CIAC\HTML\pwBankSystem\pwBankSystem-st\target\classes;C:\Users\Paolo\.m2\repository\org\apache\cxf\cxf-rt-rs-mp-client\3.3.6\cxf-rt-rs-mp-client-3.3.6.jar;C:\Users\Paolo\.m2\repository\org\apache\cxf\cxf-rt-transports-http\3.3.6\cxf-rt-transports-http-3.3.6.jar;C:\Users\Paolo\.m2\repository\org\apache\cxf\cxf-rt-rs-client\3.3.6\cxf-rt-rs-client-3.3.6.jar;C:\Users\Paolo\.m2\repository\org\apache\cxf\cxf-core\3.3.6\cxf-core-3.3.6.jar;C:\Users\Paolo\.m2\repository\org\glassfish\jaxb\jaxb-runtime\2.3.2\jaxb-runtime-2.3.2.jar;C:\Users\Paolo\.m2\repository\org\glassfish\jaxb\txw2\2.3.2\txw2-2.3.2.jar;C:\Users\Paolo\.m2\repository\com\sun\istack\istack-commons-runtime\3.0.8\istack-commons-runtime-3.0.8.jar;C:\Users\Paolo\.m2\repository\com\sun\xml\fastinfoset\FastInfoset\1.2.16\FastInfoset-1.2.16.jar;C:\Users\Paolo\.m2\repository\jakarta\activation\jakarta.activation-api\1.2.1\jakarta.activation-api-1.2.1.jar;C:\Users\Paolo\.m2\repository\com\fasterxml\woodstox\woodstox-core\5.0.3\woodstox-core-5.0.3.jar;C:\Users\Paolo\.m2\repository\org\codehaus\woodstox\stax2-api\3.1.4\stax2-api-3.1.4.jar;C:\Users\Paolo\.m2\repository\org\apache\ws\xmlschema\xmlschema-core\2.2.5\xmlschema-core-2.2.5.jar;C:\Users\Paolo\.m2\repository\jakarta\xml\bind\jakarta.xml.bind-api\2.3.2\jakarta.xml.bind-api-2.3.2.jar;C:\Users\Paolo\.m2\repository\org\apache\cxf\cxf-rt-frontend-jaxrs\3.3.6\cxf-rt-frontend-jaxrs-3.3.6.jar;C:\Users\Paolo\.m2\repository\jakarta\ws\rs\jakarta.ws.rs-api\2.1.5\jakarta.ws.rs-api-2.1.5.jar;C:\Users\Paolo\.m2\repository\org\apache\cxf\cxf-rt-security\3.3.6\cxf-rt-security-3.3.6.jar;C:\Users\Paolo\.m2\repository\org\eclipse\microprofile\rest\client\microprofile-rest-client-api\1.4.1\microprofile-rest-client-api-1.4.1.jar;C:\Users\Paolo\.m2\repository\javax\inject\javax.inject\1\javax.inject-1.jar;C:\Users\Paolo\.m2\repository\org\apache\cxf\cxf-rt-rs-extension-providers\3.3.6\cxf-rt-rs-extension-providers-3.3.6.jar;C:\Users\Paolo\.m2\repository\javax\json\javax.json-api\1.1.4\javax.json-api-1.1.4.jar;C:\Users\Paolo\.m2\repository\javax\annotation\javax.annotation-api\1.3.2\javax.annotation-api-1.3.2.jar;C:\Users\Paolo\.m2\repository\javax\xml\ws\jaxws-api\2.3.1\jaxws-api-2.3.1.jar;C:\Users\Paolo\.m2\repository\javax\xml\soap\javax.xml.soap-api\1.4.0\javax.xml.soap-api-1.4.0.jar;C:\Users\Paolo\.m2\repository\com\sun\activation\javax.activation\1.2.0\javax.activation-1.2.0.jar;C:\Users\Paolo\.m2\repository\org\apache\geronimo\specs\geronimo-ws-metadata_2.0_spec\1.1.3\geronimo-ws-metadata_2.0_spec-1.1.3.jar;C:\Users\Paolo\.m2\repository\com\sun\xml\messaging\saaj\saaj-impl\1.4.0-b03\saaj-impl-1.4.0-b03.jar;C:\Users\Paolo\.m2\repository\org\jvnet\mimepull\mimepull\1.9.7\mimepull-1.9.7.jar;C:\Users\Paolo\.m2\repository\org\jvnet\staxex\stax-ex\1.7.8\stax-ex-1.7.8.jar;C:\Users\Paolo\.m2\repository\javax\activation\activation\1.1\activation-1.1.jar;C:\Users\Paolo\.m2\repository\org\jacorb\jacorb-omgapi\3.9\jacorb-omgapi-3.9.jar;C:\Users\Paolo\.m2\repository\org\apache\geronimo\specs\geronimo-jta_1.1_spec\1.1.1\geronimo-jta_1.1_spec-1.1.1.jar;C:\Users\Paolo\.m2\repository\org\jboss\spec\javax\rmi\jboss-rmi-api_1.0_spec\1.0.6.Final\jboss-rmi-api_1.0_spec-1.0.6.Final.jar;C:\Users\Paolo\.m2\repository\org\junit\jupiter\junit-jupiter\5.6.2\junit-jupiter-5.6.2.jar;C:\Users\Paolo\.m2\repository\org\junit\jupiter\junit-jupiter-api\5.6.2\junit-jupiter-api-5.6.2.jar;C:\Users\Paolo\.m2\repository\org\apiguardian\apiguardian-api\1.1.0\apiguardian-api-1.1.0.jar;C:\Users\Paolo\.m2\repository\org\opentest4j\opentest4j\1.2.0\opentest4j-1.2.0.jar;C:\Users\Paolo\.m2\repository\org\junit\platform\junit-platform-commons\1.6.2\junit-platform-commons-1.6.2.jar;C:\Users\Paolo\.m2\repository\org\junit\jupiter\junit-jupiter-params\5.6.2\junit-jupiter-params-5.6.2.jar;C:\Users\Paolo\.m2\repository\org\junit\jupiter\junit-jupiter-engine\5.6.2\junit-jupiter-engine-5.6.2.jar;C:\Users\Paolo\.m2\repository\org\junit\platform\junit-platform-engine\1.6.2\junit-platform-engine-1.6.2.jar;"/>
    <property name="sun.cpu.endian" value="little"/>
    <property name="user.home" value="C:\Users\Paolo"/>
    <property name="user.language" value="it"/>
    <property name="java.specification.vendor" value="Oracle Corporation"/>
    <property name="java.version.date" value="2020-10-20"/>
    <property name="java.home" value="E:\Programmi\AdoptOpenJDK\jdk-11.0.9.11-hotspot"/>
    <property name="file.separator" value="\"/>
    <property name="basedir" value="C:\Users\Paolo\Desktop\Esercizi-CIAC\HTML\pwBankSystem\pwBankSystem-st"/>
    <property name="java.vm.compressedOopsMode" value="Zero based"/>
    <property name="line.separator" value="&#10;"/>
    <property name="java.specification.name" value="Java Platform API Specification"/>
    <property name="java.vm.specification.vendor" value="Oracle Corporation"/>
    <property name="java.awt.graphicsenv" value="sun.awt.Win32GraphicsEnvironment"/>
    <property name="surefire.real.class.path" value="C:\Users\Paolo\AppData\Local\Temp\surefire14007141772981140123\surefirebooter15037937265789293507.jar"/>
    <property name="user.script" value=""/>
    <property name="sun.management.compiler" value="HotSpot 64-Bit Tiered Compilers"/>
    <property name="java.runtime.version" value="11.0.9+11"/>
    <property name="user.name" value="Paolo"/>
    <property name="path.separator" value=";"/>
    <property name="os.version" value="10.0"/>
    <property name="java.runtime.name" value="OpenJDK Runtime Environment"/>
    <property name="file.encoding" value="UTF-8"/>
    <property name="java.vm.name" value="OpenJDK 64-Bit Server VM"/>
    <property name="java.vendor.version" value="AdoptOpenJDK"/>
    <property name="maven.ext.class.path" value="E:\Programmi\NetBeans-12.1\netbeans\java\maven-nblib\netbeans-eventspy.jar"/>
    <property name="localRepository" value="C:\Users\Paolo\.m2\repository"/>
    <property name="java.vendor.url.bug" value="https://github.com/AdoptOpenJDK/openjdk-support/issues"/>
    <property name="java.io.tmpdir" value="C:\Users\Paolo\AppData\Local\Temp\"/>
    <property name="java.version" value="11.0.9"/>
    <property name="user.dir" value="C:\Users\Paolo\Desktop\Esercizi-CIAC\HTML\pwBankSystem\pwBankSystem-st"/>
    <property name="os.arch" value="amd64"/>
    <property name="java.vm.specification.name" value="Java Virtual Machine Specification"/>
    <property name="java.awt.printerjob" value="sun.awt.windows.WPrinterJob"/>
    <property name="sun.os.patch.level" value=""/>
    <property name="java.library.path" value="E:\Programmi\AdoptOpenJDK\jdk-11.0.9.11-hotspot\bin;C:\WINDOWS\Sun\Java\bin;C:\WINDOWS\system32;C:\WINDOWS;C:\Program Files (x86)\Razer\ChromaBroadcast\bin;C:\Program Files\Razer\ChromaBroadcast\bin;E:\Programmi\AdoptOpenJDK\jdk-11.0.9.11-hotspot\bin;E:\Programmi (x86)\EasyPHP-DevServer-14.1VC11\binaries\php\php_runningversion;C:\Program Files (x86)\Common Files\Oracle\Java\javapath;C:\Windows\system32;C:\Windows;C:\Windows\System32\Wbem;C:\Windows\System32\WindowsPowerShell\v1.0\;C:\Windows\System32\OpenSSH\;C:\Program Files (x86)\NVIDIA Corporation\PhysX\Common;C:\WINDOWS\system32;C:\WINDOWS;C:\WINDOWS\System32\Wbem;C:\WINDOWS\System32\WindowsPowerShell\v1.0\;C:\WINDOWS\System32\OpenSSH\;C:\WINDOWS\system32\config\systemprofile\AppData\Local\Microsoft\WindowsApps;C:\Program Files\Docker\Docker\resources\bin;C:\ProgramData\DockerDesktop\version-bin;C:\Program Files\MySQL\MySQL Shell 8.0\bin\;C:\Users\Paolo\AppData\Local\Microsoft\WindowsApps;E:\Programmi\Microsoft VS Code\bin;C:\Users\Paolo\AppData\Local\GitHubDesktop\bin;."/>
    <property name="java.vm.info" value="mixed mode"/>
    <property name="java.vendor" value="AdoptOpenJDK"/>
    <property name="java.vm.version" value="11.0.9+11"/>
    <property name="sun.io.unicode.encoding" value="UnicodeLittle"/>
    <property name="java.class.version" value="55.0"/>
  </properties>
  <testcase name="ping" classname="airhacks.service.ping.boundary.PingResourceIT" time="0.55"/>
</testsuite>